<?xml version="1.0" encoding="utf-8" standalone="no"?>
<!--This file represents the results of running a test suite-->
<test-results name="C:\Users\Aurélie\Documents\SharpDevelop Projects\Anagramme\AnagramTester\bin\Debug\AnagramTester.dll" total="7" errors="0" failures="0" not-run="0" inconclusive="0" ignored="0" skipped="0" invalid="0" date="2014-07-02" time="22:45:34">
  <environment nunit-version="2.6.3.13283" clr-version="2.0.50727.5477" os-version="Microsoft Windows NT 6.1.7601 Service Pack 1" platform="Win32NT" cwd="C:\Program Files (x86)\NUnit 2.6.3\bin" machine-name="AUREMI" user="Aurélie" user-domain="Auremi" />
  <culture-info current-culture="fr-FR" current-uiculture="fr-FR" />
  <test-suite type="Assembly" name="C:\Users\Aurélie\Documents\SharpDevelop Projects\Anagramme\AnagramTester\bin\Debug\AnagramTester.dll" executed="True" result="Success" success="True" time="0.125" asserts="0">
    <results>
      <test-suite type="Namespace" name="AnagramTester" executed="True" result="Success" success="True" time="0.105" asserts="0">
        <results>
          <test-suite type="TestFixture" name="AnagramTest" executed="True" result="Success" success="True" time="0.095" asserts="0">
            <results>
              <test-case name="AnagramTester.AnagramTest.a_and_b_are_not_anagram" executed="True" result="Success" success="True" time="0.051" asserts="1" />
              <test-case name="AnagramTester.AnagramTest.aac_and_cca_are_no_anagram" executed="True" result="Success" success="True" time="0.001" asserts="1" />
              <test-case name="AnagramTester.AnagramTest.ab_and_ba_are_anagram" executed="True" result="Success" success="True" time="0.001" asserts="1" />
              <test-case name="AnagramTester.AnagramTest.abc_and_cba_are_anagram" executed="True" result="Success" success="True" time="0.000" asserts="1" />
              <test-case name="AnagramTester.AnagramTest.astring_is_anagram_of_itself" executed="True" result="Success" success="True" time="0.001" asserts="1" />
              <test-case name="AnagramTester.AnagramTest.remiaimeaurelie_and_miauleraieeeimr_are_anagram" executed="True" result="Success" success="True" time="0.000" asserts="1" />
              <test-case name="AnagramTester.AnagramTest.twostring_of_different_length_are_no_anagram" executed="True" result="Success" success="True" time="0.000" asserts="1" />
            </results>
          </test-suite>
        </results>
      </test-suite>
    </results>
  </test-suite>
</test-results>